<?xml version="1.0" encoding="UTF-8"?>
<robot generator="Robot 4.1.3 (Python 3.9.7 on win32)" generated="20220429 09:19:04.814" rpa="false" schemaversion="2">
<suite id="s1" name="Tasks" source="C:\Users\mukul.agarwal\PycharmProjects\TestingRobot\TestCases\tasks.robot">
<test id="s1-t1" name="Open Store &amp; Verify Store">
<kw name="Navigate to Store" library="keywords">
<kw name="Open Browser" library="SeleniumLibrary">
<arg>${website_link}</arg>
<arg>browser=chrome</arg>
<doc>Opens a new browser instance to the optional ``url``.</doc>
<msg timestamp="20220429 09:19:05.033" level="INFO">Opening browser 'chrome' to base url 'http://automationpractice.com/'.</msg>
<status status="PASS" starttime="20220429 09:19:05.033" endtime="20220429 09:19:21.146"/>
</kw>
<status status="PASS" starttime="20220429 09:19:05.033" endtime="20220429 09:19:21.146"/>
</kw>
<kw name="Verify Page Contains Store" library="keywords">
<kw name="Get Title" library="SeleniumLibrary">
<var>${Get_title}</var>
<doc>Returns the title of the current page.</doc>
<msg timestamp="20220429 09:19:21.152" level="INFO">${Get_title} = My Store</msg>
<status status="PASS" starttime="20220429 09:19:21.147" endtime="20220429 09:19:21.152"/>
</kw>
<kw name="Should Be Equal As Strings" library="BuiltIn">
<arg>${Get_title}</arg>
<arg>My Store</arg>
<doc>Fails if objects are unequal after converting them to strings.</doc>
<status status="PASS" starttime="20220429 09:19:21.153" endtime="20220429 09:19:21.153"/>
</kw>
<status status="PASS" starttime="20220429 09:19:21.146" endtime="20220429 09:19:21.154"/>
</kw>
<kw name="Signin With Dummy Email" library="keywords">
<kw name="Click Element" library="SeleniumLibrary">
<arg>css=.login</arg>
<doc>Click the element identified by ``locator``.</doc>
<msg timestamp="20220429 09:19:21.156" level="INFO">Clicking element 'css=.login'.</msg>
<status status="PASS" starttime="20220429 09:19:21.155" endtime="20220429 09:19:31.427"/>
</kw>
<kw name="Wait Until Page Contains Element" library="SeleniumLibrary">
<arg>email</arg>
<arg>20s</arg>
<doc>Waits until the element ``locator`` appears on the current page.</doc>
<status status="PASS" starttime="20220429 09:19:31.427" endtime="20220429 09:19:31.436"/>
</kw>
<kw name="Generate Random Emails" library="CustomLib">
<var>${random_email}</var>
<arg>${length}</arg>
<msg timestamp="20220429 09:19:31.437" level="INFO">${random_email} = bajehbhb@mail.kz</msg>
<status status="PASS" starttime="20220429 09:19:31.436" endtime="20220429 09:19:31.437"/>
</kw>
<kw name="Input Text" library="SeleniumLibrary">
<arg>email</arg>
<arg>${random_email}</arg>
<doc>Types the given ``text`` into the text field identified by ``locator``.</doc>
<msg timestamp="20220429 09:19:31.437" level="INFO">Typing text 'bajehbhb@mail.kz' into text field 'email'.</msg>
<status status="PASS" starttime="20220429 09:19:31.437" endtime="20220429 09:19:31.521"/>
</kw>
<kw name="Input Text" library="SeleniumLibrary">
<arg>passwd</arg>
<arg>${password}</arg>
<doc>Types the given ``text`` into the text field identified by ``locator``.</doc>
<msg timestamp="20220429 09:19:31.522" level="INFO">Typing text 'password123' into text field 'passwd'.</msg>
<status status="PASS" starttime="20220429 09:19:31.522" endtime="20220429 09:19:31.605"/>
</kw>
<kw name="Click Element" library="SeleniumLibrary">
<arg>SubmitLogin</arg>
<doc>Click the element identified by ``locator``.</doc>
<msg timestamp="20220429 09:19:31.605" level="INFO">Clicking element 'SubmitLogin'.</msg>
<status status="PASS" starttime="20220429 09:19:31.605" endtime="20220429 09:19:37.219"/>
</kw>
<kw name="Wait Until Page Contains" library="SeleniumLibrary">
<arg>Authentication failed</arg>
<arg>10s</arg>
<doc>Waits until ``text`` appears on the current page.</doc>
<status status="PASS" starttime="20220429 09:19:37.219" endtime="20220429 09:19:37.229"/>
</kw>
<status status="PASS" starttime="20220429 09:19:21.155" endtime="20220429 09:19:37.229"/>
</kw>
<kw name="Close Browser" library="SeleniumLibrary">
<doc>Closes the current browser.</doc>
<status status="PASS" starttime="20220429 09:19:37.230" endtime="20220429 09:19:39.837"/>
</kw>
<status status="PASS" starttime="20220429 09:19:05.033" endtime="20220429 09:19:39.837"/>
</test>
<test id="s1-t2" name="Check Addition">
<kw name="Add Num" library="keywords">
<kw name="Add Number" library="CustomLib">
<var>${value}</var>
<arg>${num_to_be_added}</arg>
<msg timestamp="20220429 09:19:39.837" level="INFO">${value} = 2</msg>
<status status="PASS" starttime="20220429 09:19:39.837" endtime="20220429 09:19:39.837"/>
</kw>
<kw name="Should Be Equal" library="BuiltIn">
<arg>${value}</arg>
<arg>${num_to_be_cmp_with}</arg>
<doc>Fails if the given objects are unequal.</doc>
<status status="PASS" starttime="20220429 09:19:39.837" endtime="20220429 09:19:39.837"/>
</kw>
<status status="PASS" starttime="20220429 09:19:39.837" endtime="20220429 09:19:39.837"/>
</kw>
<status status="PASS" starttime="20220429 09:19:39.837" endtime="20220429 09:19:39.837"/>
</test>
<test id="s1-t3" name="Check Bestseller">
<kw name="Navigate to Store" library="keywords">
<kw name="Open Browser" library="SeleniumLibrary">
<arg>${website_link}</arg>
<arg>browser=chrome</arg>
<doc>Opens a new browser instance to the optional ``url``.</doc>
<msg timestamp="20220429 09:19:39.837" level="INFO">Opening browser 'chrome' to base url 'http://automationpractice.com/'.</msg>
<status status="PASS" starttime="20220429 09:19:39.837" endtime="20220429 09:19:47.160"/>
</kw>
<status status="PASS" starttime="20220429 09:19:39.837" endtime="20220429 09:19:47.160"/>
</kw>
<kw name="Verify Page Contains Store" library="keywords">
<kw name="Get Title" library="SeleniumLibrary">
<var>${Get_title}</var>
<doc>Returns the title of the current page.</doc>
<msg timestamp="20220429 09:19:47.165" level="INFO">${Get_title} = My Store</msg>
<status status="PASS" starttime="20220429 09:19:47.161" endtime="20220429 09:19:47.166"/>
</kw>
<kw name="Should Be Equal As Strings" library="BuiltIn">
<arg>${Get_title}</arg>
<arg>My Store</arg>
<doc>Fails if objects are unequal after converting them to strings.</doc>
<status status="PASS" starttime="20220429 09:19:47.166" endtime="20220429 09:19:47.166"/>
</kw>
<status status="PASS" starttime="20220429 09:19:47.161" endtime="20220429 09:19:47.166"/>
</kw>
<kw name="Bestseller" library="keywords">
<kw name="Click Element" library="SeleniumLibrary">
<arg>css=.blockbestsellers</arg>
<doc>Click the element identified by ``locator``.</doc>
<msg timestamp="20220429 09:19:47.166" level="INFO">Clicking element 'css=.blockbestsellers'.</msg>
<status status="PASS" starttime="20220429 09:19:47.166" endtime="20220429 09:19:47.205"/>
</kw>
<status status="PASS" starttime="20220429 09:19:47.166" endtime="20220429 09:19:47.205"/>
</kw>
<kw name="Close Browser" library="SeleniumLibrary">
<doc>Closes the current browser.</doc>
<status status="PASS" starttime="20220429 09:19:47.206" endtime="20220429 09:19:49.694"/>
</kw>
<status status="PASS" starttime="20220429 09:19:39.837" endtime="20220429 09:19:49.694"/>
</test>
<test id="s1-t4" name="Verify Contact Us">
<kw name="Navigate to Store" library="keywords">
<kw name="Open Browser" library="SeleniumLibrary">
<arg>${website_link}</arg>
<arg>browser=chrome</arg>
<doc>Opens a new browser instance to the optional ``url``.</doc>
<msg timestamp="20220429 09:19:49.697" level="INFO">Opening browser 'chrome' to base url 'http://automationpractice.com/'.</msg>
<status status="PASS" starttime="20220429 09:19:49.697" endtime="20220429 09:20:00.249"/>
</kw>
<status status="PASS" starttime="20220429 09:19:49.697" endtime="20220429 09:20:00.249"/>
</kw>
<kw name="Verify Page Contains Store" library="keywords">
<kw name="Get Title" library="SeleniumLibrary">
<var>${Get_title}</var>
<doc>Returns the title of the current page.</doc>
<msg timestamp="20220429 09:20:00.268" level="INFO">${Get_title} = My Store</msg>
<status status="PASS" starttime="20220429 09:20:00.250" endtime="20220429 09:20:00.268"/>
</kw>
<kw name="Should Be Equal As Strings" library="BuiltIn">
<arg>${Get_title}</arg>
<arg>My Store</arg>
<doc>Fails if objects are unequal after converting them to strings.</doc>
<status status="PASS" starttime="20220429 09:20:00.268" endtime="20220429 09:20:00.269"/>
</kw>
<status status="PASS" starttime="20220429 09:20:00.249" endtime="20220429 09:20:00.269"/>
</kw>
<kw name="ContactUS" library="keywords">
<kw name="Click Element" library="SeleniumLibrary">
<arg>id=contact-link</arg>
<doc>Click the element identified by ``locator``.</doc>
<msg timestamp="20220429 09:20:00.269" level="INFO">Clicking element 'id=contact-link'.</msg>
<status status="PASS" starttime="20220429 09:20:00.269" endtime="20220429 09:20:01.700"/>
</kw>
<kw name="Get Title" library="SeleniumLibrary">
<var>${Contact_Title}</var>
<doc>Returns the title of the current page.</doc>
<msg timestamp="20220429 09:20:01.703" level="INFO">${Contact_Title} = Contact us - My Store</msg>
<status status="PASS" starttime="20220429 09:20:01.701" endtime="20220429 09:20:01.704"/>
</kw>
<kw name="Should Be Equal As Strings" library="BuiltIn">
<arg>${Contact_Title}</arg>
<arg>Contact us - My Store</arg>
<doc>Fails if objects are unequal after converting them to strings.</doc>
<status status="PASS" starttime="20220429 09:20:01.704" endtime="20220429 09:20:01.704"/>
</kw>
<kw name="Select From List By Value" library="SeleniumLibrary">
<arg>id=id_contact</arg>
<arg>1</arg>
<doc>Selects options from selection list ``locator`` by ``values``.</doc>
<msg timestamp="20220429 09:20:01.704" level="INFO">Selecting options from selection list 'id=id_contact' by value 1.</msg>
<status status="PASS" starttime="20220429 09:20:01.704" endtime="20220429 09:20:01.755"/>
</kw>
<kw name="Generate Random Emails" library="CustomLib">
<var>${random_email}</var>
<arg>${length}</arg>
<msg timestamp="20220429 09:20:01.755" level="INFO">${random_email} = kgiecaec@hotmail.com</msg>
<status status="PASS" starttime="20220429 09:20:01.755" endtime="20220429 09:20:01.755"/>
</kw>
<kw name="Input Text" library="SeleniumLibrary">
<arg>email</arg>
<arg>${random_email}</arg>
<doc>Types the given ``text`` into the text field identified by ``locator``.</doc>
<msg timestamp="20220429 09:20:01.755" level="INFO">Typing text 'kgiecaec@hotmail.com' into text field 'email'.</msg>
<status status="PASS" starttime="20220429 09:20:01.755" endtime="20220429 09:20:01.830"/>
</kw>
<kw name="Input Text" library="SeleniumLibrary">
<arg>id_order</arg>
<arg>${id_order}</arg>
<doc>Types the given ``text`` into the text field identified by ``locator``.</doc>
<msg timestamp="20220429 09:20:01.830" level="INFO">Typing text '9989852' into text field 'id_order'.</msg>
<status status="PASS" starttime="20220429 09:20:01.830" endtime="20220429 09:20:01.894"/>
</kw>
<kw name="Read From File" library="CustomLib">
<var>${random_text}</var>
<msg timestamp="20220429 09:20:01.895" level="INFO">C:\Users\mukul.agarwal\PycharmProjects\TestingRobot</msg>
<msg timestamp="20220429 09:20:01.895" level="INFO">${random_text} = ['wanted to let you know how much I appreciated your help with the project.\n', 'I know how much time and effort you invested to not only get the project done prior to the deadline, but to ensure the ...</msg>
<status status="PASS" starttime="20220429 09:20:01.894" endtime="20220429 09:20:01.895"/>
</kw>
<kw name="Input Text" library="SeleniumLibrary">
<arg>message</arg>
<arg>${random_text}</arg>
<doc>Types the given ``text`` into the text field identified by ``locator``.</doc>
<msg timestamp="20220429 09:20:01.895" level="INFO">Typing text '['wanted to let you know how much I appreciated your help with the project.\n', 'I know how much time and effort you invested to not only get the project done prior to the deadline, but to ensure the client was satisfied with every step of the process.\n', 'You are a valued member of our team, and I truly appreciate your contributions!']' into text field 'message'.</msg>
<status status="PASS" starttime="20220429 09:20:01.895" endtime="20220429 09:20:02.134"/>
</kw>
<kw name="Click Element" library="SeleniumLibrary">
<arg>id=submitMessage</arg>
<doc>Click the element identified by ``locator``.</doc>
<msg timestamp="20220429 09:20:02.134" level="INFO">Clicking element 'id=submitMessage'.</msg>
<status status="PASS" starttime="20220429 09:20:02.134" endtime="20220429 09:20:03.360"/>
</kw>
<status status="PASS" starttime="20220429 09:20:00.269" endtime="20220429 09:20:03.360"/>
</kw>
<kw name="Close Browser" library="SeleniumLibrary">
<doc>Closes the current browser.</doc>
<status status="PASS" starttime="20220429 09:20:03.360" endtime="20220429 09:20:05.894"/>
</kw>
<status status="PASS" starttime="20220429 09:19:49.697" endtime="20220429 09:20:05.894"/>
</test>
<doc>My First Test
This test will try to Signin with Wrong email
There is a small test for addition function</doc>
<status status="PASS" starttime="20220429 09:19:04.814" endtime="20220429 09:20:05.894"/>
</suite>
<statistics>
<total>
<stat pass="4" fail="0" skip="0">All Tests</stat>
</total>
<tag>
</tag>
<suite>
<stat pass="4" fail="0" skip="0" id="s1" name="Tasks">Tasks</stat>
</suite>
</statistics>
<errors>
</errors>
</robot>
